<?xml version="1.0" encoding="UTF-8"?>
<testng-results ignored="0" total="1" passed="1" failed="0" skipped="0">
  <reporter-output>
  </reporter-output>
  <suite started-at="2023-10-29T22:18:03 BDT" name="Default suite" finished-at="2023-10-29T22:21:37 BDT" duration-ms="213694">
    <groups>
    </groups>
    <test started-at="2023-10-29T22:18:03 BDT" name="Default test" finished-at="2023-10-29T22:21:37 BDT" duration-ms="213694">
      <class name="base.AutomateEdureka">
        <test-method signature="EdurekaProfile()[pri:0, instance:base.AutomateEdureka@4e50c791]" started-at="2023-10-29T22:18:04 BDT" name="EdurekaProfile" finished-at="2023-10-29T22:21:37 BDT" duration-ms="213607" status="PASS">
          <reporter-output>
          </reporter-output>
        </test-method> <!-- EdurekaProfile -->
      </class> <!-- base.AutomateEdureka -->
    </test> <!-- Default test -->
  </suite> <!-- Default suite -->
</testng-results>
